t1 = 1.5 后导弹坐标[19552.23326441     0.          1955.22332644]
t1 = 1.5 后无人机坐标[19552.23326441     0.          1955.22332644]
t2 = 3.6 后导弹坐标[18477.59309898     0.          1847.7593099 ]
t2 = 3.6 后无人机坐标[17188.     0.  1800.]
烟雾弹起爆点[17188.        0.     1736.496]
烟雾弹起爆后 0.0 秒导弹坐标[18477.59309898     0.          1847.7593099 ]
烟雾弹起爆后 0.0 秒云团中心坐标[17188.        0.     1736.496]
烟雾弹起爆后 0.1 秒导弹坐标[18447.74198327     0.          1844.77419833]
烟雾弹起爆后 0.1 秒云团中心坐标[17188.        0.     1736.196]
烟雾弹起爆后 0.2 秒导弹坐标[18417.89086757     0.          1841.78908676]
烟雾弹起爆后 0.2 秒云团中心坐标[17188.        0.     1735.896]
烟雾弹起爆后 0.30000000000000004 秒导弹坐标[18388.03975186     0.          1838.80397519]
烟雾弹起爆后 0.30000000000000004 秒云团中心坐标[17188.        0.     1735.596]
烟雾弹起爆后 0.4 秒导弹坐标[18358.18863615     0.          1835.81886362]
烟雾弹起爆后 0.4 秒云团中心坐标[17188.        0.     1735.296]
烟雾弹起爆后 0.5 秒导弹坐标[18328.33752045     0.          1832.83375204]
烟雾弹起爆后 0.5 秒云团中心坐标[17188.        0.     1734.996]
烟雾弹起爆后 0.6 秒导弹坐标[18298.48640474     0.          1829.84864047]
烟雾弹起爆后 0.6 秒云团中心坐标[17188.        0.     1734.696]
烟雾弹起爆后 0.7 秒导弹坐标[18268.63528903     0.          1826.8635289 ]
烟雾弹起爆后 0.7 秒云团中心坐标[17188.        0.     1734.396]
烟雾弹起爆后 0.7999999999999999 秒导弹坐标[18238.78417333     0.          1823.87841733]
烟雾弹起爆后 0.7999999999999999 秒云团中心坐标[17188.        0.     1734.096]
烟雾弹起爆后 0.8999999999999999 秒导弹坐标[18208.93305762     0.          1820.89330576]
烟雾弹起爆后 0.8999999999999999 秒云团中心坐标[17188.        0.     1733.796]
烟雾弹起爆后 0.9999999999999999 秒导弹坐标[18179.08194192     0.          1817.90819419]
烟雾弹起爆后 0.9999999999999999 秒云团中心坐标[17188.        0.     1733.496]
烟雾弹起爆后 1.0999999999999999 秒导弹坐标[18149.23082621     0.          1814.92308262]
烟雾弹起爆后 1.0999999999999999 秒云团中心坐标[17188.        0.     1733.196]
烟雾弹起爆后 1.2 秒导弹坐标[18119.3797105      0.          1811.93797105]
烟雾弹起爆后 1.2 秒云团中心坐标[17188.        0.     1732.896]
烟雾弹起爆后 1.3 秒导弹坐标[18089.5285948      0.          1808.95285948]
烟雾弹起爆后 1.3 秒云团中心坐标[17188.        0.     1732.596]
烟雾弹起爆后 1.4000000000000001 秒导弹坐标[18059.67747909     0.          1805.96774791]
烟雾弹起爆后 1.4000000000000001 秒云团中心坐标[17188.        0.     1732.296]
烟雾弹起爆后 1.5000000000000002 秒导弹坐标[18029.82636338     0.          1802.98263634]
烟雾弹起爆后 1.5000000000000002 秒云团中心坐标[17188.        0.     1731.996]
烟雾弹起爆后 1.6000000000000003 秒导弹坐标[17999.97524768     0.          1799.99752477]
烟雾弹起爆后 1.6000000000000003 秒云团中心坐标[17188.        0.     1731.696]
烟雾弹起爆后 1.7000000000000004 秒导弹坐标[17970.12413197     0.          1797.0124132 ]
烟雾弹起爆后 1.7000000000000004 秒云团中心坐标[17188.        0.     1731.396]
烟雾弹起爆后 1.8000000000000005 秒导弹坐标[17940.27301627     0.          1794.02730163]
烟雾弹起爆后 1.8000000000000005 秒云团中心坐标[17188.        0.     1731.096]
烟雾弹起爆后 1.9000000000000006 秒导弹坐标[17910.42190056     0.          1791.04219006]
烟雾弹起爆后 1.9000000000000006 秒云团中心坐标[17188.        0.     1730.796]
烟雾弹起爆后 2.0000000000000004 秒导弹坐标[17880.57078485     0.          1788.05707849]
烟雾弹起爆后 2.0000000000000004 秒云团中心坐标[17188.        0.     1730.496]
烟雾弹起爆后 2.1000000000000005 秒导弹坐标[17850.71966915     0.          1785.07196691]
烟雾弹起爆后 2.1000000000000005 秒云团中心坐标[17188.        0.     1730.196]
烟雾弹起爆后 2.2000000000000006 秒导弹坐标[17820.86855344     0.          1782.08685534]
烟雾弹起爆后 2.2000000000000006 秒云团中心坐标[17188.        0.     1729.896]
烟雾弹起爆后 2.3000000000000007 秒导弹坐标[17791.01743773     0.          1779.10174377]
烟雾弹起爆后 2.3000000000000007 秒云团中心坐标[17188.        0.     1729.596]
烟雾弹起爆后 2.400000000000001 秒导弹坐标[17761.16632203     0.          1776.1166322 ]
烟雾弹起爆后 2.400000000000001 秒云团中心坐标[17188.        0.     1729.296]
烟雾弹起爆后 2.500000000000001 秒导弹坐标[17731.31520632     0.          1773.13152063]
烟雾弹起爆后 2.500000000000001 秒云团中心坐标[17188.        0.     1728.996]
烟雾弹起爆后 2.600000000000001 秒导弹坐标[17701.46409061     0.          1770.14640906]
烟雾弹起爆后 2.600000000000001 秒云团中心坐标[17188.        0.     1728.696]
烟雾弹起爆后 2.700000000000001 秒导弹坐标[17671.61297491     0.          1767.16129749]
烟雾弹起爆后 2.700000000000001 秒云团中心坐标[17188.        0.     1728.396]
烟雾弹起爆后 2.800000000000001 秒导弹坐标[17641.7618592      0.          1764.17618592]
烟雾弹起爆后 2.800000000000001 秒云团中心坐标[17188.        0.     1728.096]
烟雾弹起爆后 2.9000000000000012 秒导弹坐标[17611.9107435      0.          1761.19107435]
烟雾弹起爆后 2.9000000000000012 秒云团中心坐标[17188.        0.     1727.796]
烟雾弹起爆后 3.0000000000000013 秒导弹坐标[17582.05962779     0.          1758.20596278]
烟雾弹起爆后 3.0000000000000013 秒云团中心坐标[17188.        0.     1727.496]
烟雾弹起爆后 3.1000000000000014 秒导弹坐标[17552.20851208     0.          1755.22085121]
烟雾弹起爆后 3.1000000000000014 秒云团中心坐标[17188.        0.     1727.196]
烟雾弹起爆后 3.2000000000000015 秒导弹坐标[17522.35739638     0.          1752.23573964]
烟雾弹起爆后 3.2000000000000015 秒云团中心坐标[17188.        0.     1726.896]
烟雾弹起爆后 3.3000000000000016 秒导弹坐标[17492.50628067     0.          1749.25062807]
烟雾弹起爆后 3.3000000000000016 秒云团中心坐标[17188.        0.     1726.596]
烟雾弹起爆后 3.4000000000000017 秒导弹坐标[17462.65516496     0.          1746.2655165 ]
烟雾弹起爆后 3.4000000000000017 秒云团中心坐标[17188.        0.     1726.296]
烟雾弹起爆后 3.5000000000000018 秒导弹坐标[17432.80404926     0.          1743.28040493]
烟雾弹起爆后 3.5000000000000018 秒云团中心坐标[17188.        0.     1725.996]
烟雾弹起爆后 3.600000000000002 秒导弹坐标[17402.95293355     0.          1740.29529336]
烟雾弹起爆后 3.600000000000002 秒云团中心坐标[17188.        0.     1725.696]
烟雾弹起爆后 3.700000000000002 秒导弹坐标[17373.10181785     0.          1737.31018178]
烟雾弹起爆后 3.700000000000002 秒云团中心坐标[17188.        0.     1725.396]
烟雾弹起爆后 3.800000000000002 秒导弹坐标[17343.25070214     0.          1734.32507021]
烟雾弹起爆后 3.800000000000002 秒云团中心坐标[17188.        0.     1725.096]
烟雾弹起爆后 3.900000000000002 秒导弹坐标[17313.39958643     0.          1731.33995864]
烟雾弹起爆后 3.900000000000002 秒云团中心坐标[17188.        0.     1724.796]
烟雾弹起爆后 4.000000000000002 秒导弹坐标[17283.54847073     0.          1728.35484707]
烟雾弹起爆后 4.000000000000002 秒云团中心坐标[17188.        0.     1724.496]
烟雾弹起爆后 4.100000000000001 秒导弹坐标[17253.69735502     0.          1725.3697355 ]
烟雾弹起爆后 4.100000000000001 秒云团中心坐标[17188.        0.     1724.196]
烟雾弹起爆后 4.200000000000001 秒导弹坐标[17223.84623931     0.          1722.38462393]
烟雾弹起爆后 4.200000000000001 秒云团中心坐标[17188.        0.     1723.896]
烟雾弹起爆后 4.300000000000001 秒导弹坐标[17193.99512361     0.          1719.39951236]
烟雾弹起爆后 4.300000000000001 秒云团中心坐标[17188.        0.     1723.596]
烟雾弹起爆后 4.4 秒导弹坐标[17164.1440079      0.          1716.41440079]
烟雾弹起爆后 4.4 秒云团中心坐标[17188.        0.     1723.296]
烟雾弹起爆后 4.5 秒导弹坐标[17134.2928922      0.          1713.42928922]
烟雾弹起爆后 4.5 秒云团中心坐标[17188.        0.     1722.996]
烟雾弹起爆后 4.6 秒导弹坐标[17104.44177649     0.          1710.44417765]
烟雾弹起爆后 4.6 秒云团中心坐标[17188.        0.     1722.696]
烟雾弹起爆后 4.699999999999999 秒导弹坐标[17074.59066078     0.          1707.45906608]
烟雾弹起爆后 4.699999999999999 秒云团中心坐标[17188.        0.     1722.396]
烟雾弹起爆后 4.799999999999999 秒导弹坐标[17044.73954508     0.          1704.47395451]
烟雾弹起爆后 4.799999999999999 秒云团中心坐标[17188.        0.     1722.096]
烟雾弹起爆后 4.899999999999999 秒导弹坐标[17014.88842937     0.          1701.48884294]
烟雾弹起爆后 4.899999999999999 秒云团中心坐标[17188.        0.     1721.796]
烟雾弹起爆后 4.999999999999998 秒导弹坐标[16985.03731366     0.          1698.50373137]
烟雾弹起爆后 4.999999999999998 秒云团中心坐标[17188.        0.     1721.496]
烟雾弹起爆后 5.099999999999998 秒导弹坐标[16955.18619796     0.          1695.5186198 ]
烟雾弹起爆后 5.099999999999998 秒云团中心坐标[17188.        0.     1721.196]
烟雾弹起爆后 5.1999999999999975 秒导弹坐标[16925.33508225     0.          1692.53350823]
烟雾弹起爆后 5.1999999999999975 秒云团中心坐标[17188.        0.     1720.896]
烟雾弹起爆后 5.299999999999997 秒导弹坐标[16895.48396654     0.          1689.54839665]
烟雾弹起爆后 5.299999999999997 秒云团中心坐标[17188.        0.     1720.596]
烟雾弹起爆后 5.399999999999997 秒导弹坐标[16865.63285084     0.          1686.56328508]
烟雾弹起爆后 5.399999999999997 秒云团中心坐标[17188.        0.     1720.296]
烟雾弹起爆后 5.4999999999999964 秒导弹坐标[16835.78173513     0.          1683.57817351]
烟雾弹起爆后 5.4999999999999964 秒云团中心坐标[17188.        0.     1719.996]
烟雾弹起爆后 5.599999999999996 秒导弹坐标[16805.93061943     0.          1680.59306194]
烟雾弹起爆后 5.599999999999996 秒云团中心坐标[17188.        0.     1719.696]
烟雾弹起爆后 5.699999999999996 秒导弹坐标[16776.07950372     0.          1677.60795037]
烟雾弹起爆后 5.699999999999996 秒云团中心坐标[17188.        0.     1719.396]
烟雾弹起爆后 5.799999999999995 秒导弹坐标[16746.22838801     0.          1674.6228388 ]
烟雾弹起爆后 5.799999999999995 秒云团中心坐标[17188.        0.     1719.096]
烟雾弹起爆后 5.899999999999995 秒导弹坐标[16716.37727231     0.          1671.63772723]
烟雾弹起爆后 5.899999999999995 秒云团中心坐标[17188.        0.     1718.796]
烟雾弹起爆后 5.999999999999995 秒导弹坐标[16686.5261566      0.          1668.65261566]
烟雾弹起爆后 5.999999999999995 秒云团中心坐标[17188.        0.     1718.496]
烟雾弹起爆后 6.099999999999994 秒导弹坐标[16656.67504089     0.          1665.66750409]
烟雾弹起爆后 6.099999999999994 秒云团中心坐标[17188.        0.     1718.196]
烟雾弹起爆后 6.199999999999994 秒导弹坐标[16626.82392519     0.          1662.68239252]
烟雾弹起爆后 6.199999999999994 秒云团中心坐标[17188.        0.     1717.896]
烟雾弹起爆后 6.299999999999994 秒导弹坐标[16596.97280948     0.          1659.69728095]
烟雾弹起爆后 6.299999999999994 秒云团中心坐标[17188.        0.     1717.596]
烟雾弹起爆后 6.399999999999993 秒导弹坐标[16567.12169378     0.          1656.71216938]
烟雾弹起爆后 6.399999999999993 秒云团中心坐标[17188.        0.     1717.296]
烟雾弹起爆后 6.499999999999993 秒导弹坐标[16537.27057807     0.          1653.72705781]
烟雾弹起爆后 6.499999999999993 秒云团中心坐标[17188.        0.     1716.996]
烟雾弹起爆后 6.5999999999999925 秒导弹坐标[16507.41946236     0.          1650.74194624]
烟雾弹起爆后 6.5999999999999925 秒云团中心坐标[17188.        0.     1716.696]
烟雾弹起爆后 6.699999999999992 秒导弹坐标[16477.56834666     0.          1647.75683467]
烟雾弹起爆后 6.699999999999992 秒云团中心坐标[17188.        0.     1716.396]
烟雾弹起爆后 6.799999999999992 秒导弹坐标[16447.71723095     0.          1644.7717231 ]
烟雾弹起爆后 6.799999999999992 秒云团中心坐标[17188.        0.     1716.096]
烟雾弹起爆后 6.8999999999999915 秒导弹坐标[16417.86611524     0.          1641.78661152]
烟雾弹起爆后 6.8999999999999915 秒云团中心坐标[17188.        0.     1715.796]
烟雾弹起爆后 6.999999999999991 秒导弹坐标[16388.01499954     0.          1638.80149995]
烟雾弹起爆后 6.999999999999991 秒云团中心坐标[17188.        0.     1715.496]
烟雾弹起爆后 7.099999999999991 秒导弹坐标[16358.16388383     0.          1635.81638838]
烟雾弹起爆后 7.099999999999991 秒云团中心坐标[17188.        0.     1715.196]
烟雾弹起爆后 7.19999999999999 秒导弹坐标[16328.31276813     0.          1632.83127681]
烟雾弹起爆后 7.19999999999999 秒云团中心坐标[17188.        0.     1714.896]
烟雾弹起爆后 7.29999999999999 秒导弹坐标[16298.46165242     0.          1629.84616524]
烟雾弹起爆后 7.29999999999999 秒云团中心坐标[17188.        0.     1714.596]
烟雾弹起爆后 7.39999999999999 秒导弹坐标[16268.61053671     0.          1626.86105367]
烟雾弹起爆后 7.39999999999999 秒云团中心坐标[17188.        0.     1714.296]
烟雾弹起爆后 7.499999999999989 秒导弹坐标[16238.75942101     0.          1623.8759421 ]
烟雾弹起爆后 7.499999999999989 秒云团中心坐标[17188.        0.     1713.996]
烟雾弹起爆后 7.599999999999989 秒导弹坐标[16208.9083053      0.          1620.89083053]
烟雾弹起爆后 7.599999999999989 秒云团中心坐标[17188.        0.     1713.696]
烟雾弹起爆后 7.699999999999989 秒导弹坐标[16179.05718959     0.          1617.90571896]
烟雾弹起爆后 7.699999999999989 秒云团中心坐标[17188.        0.     1713.396]
烟雾弹起爆后 7.799999999999988 秒导弹坐标[16149.20607389     0.          1614.92060739]
烟雾弹起爆后 7.799999999999988 秒云团中心坐标[17188.        0.     1713.096]
烟雾弹起爆后 7.899999999999988 秒导弹坐标[16119.35495818     0.          1611.93549582]
烟雾弹起爆后 7.899999999999988 秒云团中心坐标[17188.        0.     1712.796]
烟雾弹起爆后 7.999999999999988 秒导弹坐标[16089.50384247     0.          1608.95038425]
烟雾弹起爆后 7.999999999999988 秒云团中心坐标[17188.        0.     1712.496]
烟雾弹起爆后 8.099999999999987 秒导弹坐标[16059.65272677     0.          1605.96527268]
烟雾弹起爆后 8.099999999999987 秒云团中心坐标[17188.        0.     1712.196]
烟雾弹起爆后 8.199999999999987 秒导弹坐标[16029.80161106     0.          1602.98016111]
烟雾弹起爆后 8.199999999999987 秒云团中心坐标[17188.        0.     1711.896]
烟雾弹起爆后 8.299999999999986 秒导弹坐标[15999.95049536     0.          1599.99504954]
烟雾弹起爆后 8.299999999999986 秒云团中心坐标[17188.        0.     1711.596]
烟雾弹起爆后 8.399999999999986 秒导弹坐标[15970.09937965     0.          1597.00993796]
烟雾弹起爆后 8.399999999999986 秒云团中心坐标[17188.        0.     1711.296]
烟雾弹起爆后 8.499999999999986 秒导弹坐标[15940.24826394     0.          1594.02482639]
烟雾弹起爆后 8.499999999999986 秒云团中心坐标[17188.        0.     1710.996]
烟雾弹起爆后 8.599999999999985 秒导弹坐标[15910.39714824     0.          1591.03971482]
烟雾弹起爆后 8.599999999999985 秒云团中心坐标[17188.        0.     1710.696]
烟雾弹起爆后 8.699999999999985 秒导弹坐标[15880.54603253     0.          1588.05460325]
烟雾弹起爆后 8.699999999999985 秒云团中心坐标[17188.        0.     1710.396]
烟雾弹起爆后 8.799999999999985 秒导弹坐标[15850.69491682     0.          1585.06949168]
烟雾弹起爆后 8.799999999999985 秒云团中心坐标[17188.        0.     1710.096]
烟雾弹起爆后 8.899999999999984 秒导弹坐标[15820.84380112     0.          1582.08438011]
烟雾弹起爆后 8.899999999999984 秒云团中心坐标[17188.        0.     1709.796]
烟雾弹起爆后 8.999999999999984 秒导弹坐标[15790.99268541     0.          1579.09926854]
烟雾弹起爆后 8.999999999999984 秒云团中心坐标[17188.        0.     1709.496]
烟雾弹起爆后 9.099999999999984 秒导弹坐标[15761.14156971     0.          1576.11415697]
烟雾弹起爆后 9.099999999999984 秒云团中心坐标[17188.        0.     1709.196]
烟雾弹起爆后 9.199999999999983 秒导弹坐标[15731.290454      0.         1573.1290454]
烟雾弹起爆后 9.199999999999983 秒云团中心坐标[17188.        0.     1708.896]
烟雾弹起爆后 9.299999999999983 秒导弹坐标[15701.43933829     0.          1570.14393383]
烟雾弹起爆后 9.299999999999983 秒云团中心坐标[17188.        0.     1708.596]
烟雾弹起爆后 9.399999999999983 秒导弹坐标[15671.58822259     0.          1567.15882226]
烟雾弹起爆后 9.399999999999983 秒云团中心坐标[17188.        0.     1708.296]
烟雾弹起爆后 9.499999999999982 秒导弹坐标[15641.73710688     0.          1564.17371069]
烟雾弹起爆后 9.499999999999982 秒云团中心坐标[17188.        0.     1707.996]
烟雾弹起爆后 9.599999999999982 秒导弹坐标[15611.88599117     0.          1561.18859912]
烟雾弹起爆后 9.599999999999982 秒云团中心坐标[17188.        0.     1707.696]
烟雾弹起爆后 9.699999999999982 秒导弹坐标[15582.03487547     0.          1558.20348755]
烟雾弹起爆后 9.699999999999982 秒云团中心坐标[17188.        0.     1707.396]
烟雾弹起爆后 9.799999999999981 秒导弹坐标[15552.18375976     0.          1555.21837598]
烟雾弹起爆后 9.799999999999981 秒云团中心坐标[17188.        0.     1707.096]
烟雾弹起爆后 9.89999999999998 秒导弹坐标[15522.33264405     0.          1552.23326441]
烟雾弹起爆后 9.89999999999998 秒云团中心坐标[17188.        0.     1706.796]
烟雾弹起爆后 9.99999999999998 秒导弹坐标[15492.48152835     0.          1549.24815283]
烟雾弹起爆后 9.99999999999998 秒云团中心坐标[17188.        0.     1706.496]
烟雾弹起爆后 10.09999999999998 秒导弹坐标[15462.63041264     0.          1546.26304126]
烟雾弹起爆后 10.09999999999998 秒云团中心坐标[17188.        0.     1706.196]
烟雾弹起爆后 10.19999999999998 秒导弹坐标[15432.77929694     0.          1543.27792969]
烟雾弹起爆后 10.19999999999998 秒云团中心坐标[17188.        0.     1705.896]
烟雾弹起爆后 10.29999999999998 秒导弹坐标[15402.92818123     0.          1540.29281812]
烟雾弹起爆后 10.29999999999998 秒云团中心坐标[17188.        0.     1705.596]
烟雾弹起爆后 10.399999999999979 秒导弹坐标[15373.07706552     0.          1537.30770655]
烟雾弹起爆后 10.399999999999979 秒云团中心坐标[17188.        0.     1705.296]
烟雾弹起爆后 10.499999999999979 秒导弹坐标[15343.22594982     0.          1534.32259498]
烟雾弹起爆后 10.499999999999979 秒云团中心坐标[17188.        0.     1704.996]
烟雾弹起爆后 10.599999999999978 秒导弹坐标[15313.37483411     0.          1531.33748341]
烟雾弹起爆后 10.599999999999978 秒云团中心坐标[17188.        0.     1704.696]
烟雾弹起爆后 10.699999999999978 秒导弹坐标[15283.5237184      0.          1528.35237184]
烟雾弹起爆后 10.699999999999978 秒云团中心坐标[17188.        0.     1704.396]
烟雾弹起爆后 10.799999999999978 秒导弹坐标[15253.6726027      0.          1525.36726027]
烟雾弹起爆后 10.799999999999978 秒云团中心坐标[17188.        0.     1704.096]
烟雾弹起爆后 10.899999999999977 秒导弹坐标[15223.82148699     0.          1522.3821487 ]
烟雾弹起爆后 10.899999999999977 秒云团中心坐标[17188.        0.     1703.796]
烟雾弹起爆后 10.999999999999977 秒导弹坐标[15193.97037129     0.          1519.39703713]
烟雾弹起爆后 10.999999999999977 秒云团中心坐标[17188.        0.     1703.496]
烟雾弹起爆后 11.099999999999977 秒导弹坐标[15164.11925558     0.          1516.41192556]
烟雾弹起爆后 11.099999999999977 秒云团中心坐标[17188.        0.     1703.196]
烟雾弹起爆后 11.199999999999976 秒导弹坐标[15134.26813987     0.          1513.42681399]
烟雾弹起爆后 11.199999999999976 秒云团中心坐标[17188.        0.     1702.896]
烟雾弹起爆后 11.299999999999976 秒导弹坐标[15104.41702417     0.          1510.44170242]
烟雾弹起爆后 11.299999999999976 秒云团中心坐标[17188.        0.     1702.596]
烟雾弹起爆后 11.399999999999975 秒导弹坐标[15074.56590846     0.          1507.45659085]
烟雾弹起爆后 11.399999999999975 秒云团中心坐标[17188.        0.     1702.296]
烟雾弹起爆后 11.499999999999975 秒导弹坐标[15044.71479275     0.          1504.47147928]
烟雾弹起爆后 11.499999999999975 秒云团中心坐标[17188.        0.     1701.996]
烟雾弹起爆后 11.599999999999975 秒导弹坐标[15014.86367705     0.          1501.4863677 ]
烟雾弹起爆后 11.599999999999975 秒云团中心坐标[17188.        0.     1701.696]
烟雾弹起爆后 11.699999999999974 秒导弹坐标[14985.01256134     0.          1498.50125613]
烟雾弹起爆后 11.699999999999974 秒云团中心坐标[17188.        0.     1701.396]
烟雾弹起爆后 11.799999999999974 秒导弹坐标[14955.16144564     0.          1495.51614456]
烟雾弹起爆后 11.799999999999974 秒云团中心坐标[17188.        0.     1701.096]
烟雾弹起爆后 11.899999999999974 秒导弹坐标[14925.31032993     0.          1492.53103299]
烟雾弹起爆后 11.899999999999974 秒云团中心坐标[17188.        0.     1700.796]
烟雾弹起爆后 11.999999999999973 秒导弹坐标[14895.45921422     0.          1489.54592142]
烟雾弹起爆后 11.999999999999973 秒云团中心坐标[17188.        0.     1700.496]
烟雾弹起爆后 12.099999999999973 秒导弹坐标[14865.60809852     0.          1486.56080985]
烟雾弹起爆后 12.099999999999973 秒云团中心坐标[17188.        0.     1700.196]
烟雾弹起爆后 12.199999999999973 秒导弹坐标[14835.75698281     0.          1483.57569828]
烟雾弹起爆后 12.199999999999973 秒云团中心坐标[17188.        0.     1699.896]
烟雾弹起爆后 12.299999999999972 秒导弹坐标[14805.9058671      0.          1480.59058671]
烟雾弹起爆后 12.299999999999972 秒云团中心坐标[17188.        0.     1699.596]
烟雾弹起爆后 12.399999999999972 秒导弹坐标[14776.0547514      0.          1477.60547514]
烟雾弹起爆后 12.399999999999972 秒云团中心坐标[17188.        0.     1699.296]
烟雾弹起爆后 12.499999999999972 秒导弹坐标[14746.20363569     0.          1474.62036357]
烟雾弹起爆后 12.499999999999972 秒云团中心坐标[17188.        0.     1698.996]
烟雾弹起爆后 12.599999999999971 秒导弹坐标[14716.35251998     0.          1471.635252  ]
烟雾弹起爆后 12.599999999999971 秒云团中心坐标[17188.        0.     1698.696]
烟雾弹起爆后 12.69999999999997 秒导弹坐标[14686.50140428     0.          1468.65014043]
烟雾弹起爆后 12.69999999999997 秒云团中心坐标[17188.        0.     1698.396]
烟雾弹起爆后 12.79999999999997 秒导弹坐标[14656.65028857     0.          1465.66502886]
烟雾弹起爆后 12.79999999999997 秒云团中心坐标[17188.        0.     1698.096]
烟雾弹起爆后 12.89999999999997 秒导弹坐标[14626.79917287     0.          1462.67991729]
烟雾弹起爆后 12.89999999999997 秒云团中心坐标[17188.        0.     1697.796]
烟雾弹起爆后 12.99999999999997 秒导弹坐标[14596.94805716     0.          1459.69480572]
烟雾弹起爆后 12.99999999999997 秒云团中心坐标[17188.        0.     1697.496]
烟雾弹起爆后 13.09999999999997 秒导弹坐标[14567.09694145     0.          1456.70969415]
烟雾弹起爆后 13.09999999999997 秒云团中心坐标[17188.        0.     1697.196]
烟雾弹起爆后 13.199999999999969 秒导弹坐标[14537.24582575     0.          1453.72458257]
烟雾弹起爆后 13.199999999999969 秒云团中心坐标[17188.        0.     1696.896]
烟雾弹起爆后 13.299999999999969 秒导弹坐标[14507.39471004     0.          1450.739471  ]
烟雾弹起爆后 13.299999999999969 秒云团中心坐标[17188.        0.     1696.596]
烟雾弹起爆后 13.399999999999968 秒导弹坐标[14477.54359433     0.          1447.75435943]
烟雾弹起爆后 13.399999999999968 秒云团中心坐标[17188.        0.     1696.296]
烟雾弹起爆后 13.499999999999968 秒导弹坐标[14447.69247863     0.          1444.76924786]
烟雾弹起爆后 13.499999999999968 秒云团中心坐标[17188.        0.     1695.996]
烟雾弹起爆后 13.599999999999968 秒导弹坐标[14417.84136292     0.          1441.78413629]
烟雾弹起爆后 13.599999999999968 秒云团中心坐标[17188.        0.     1695.696]
烟雾弹起爆后 13.699999999999967 秒导弹坐标[14387.99024722     0.          1438.79902472]
烟雾弹起爆后 13.699999999999967 秒云团中心坐标[17188.        0.     1695.396]
烟雾弹起爆后 13.799999999999967 秒导弹坐标[14358.13913151     0.          1435.81391315]
烟雾弹起爆后 13.799999999999967 秒云团中心坐标[17188.        0.     1695.096]
烟雾弹起爆后 13.899999999999967 秒导弹坐标[14328.2880158      0.          1432.82880158]
烟雾弹起爆后 13.899999999999967 秒云团中心坐标[17188.        0.     1694.796]
烟雾弹起爆后 13.999999999999966 秒导弹坐标[14298.4369001      0.          1429.84369001]
烟雾弹起爆后 13.999999999999966 秒云团中心坐标[17188.        0.     1694.496]
烟雾弹起爆后 14.099999999999966 秒导弹坐标[14268.58578439     0.          1426.85857844]
烟雾弹起爆后 14.099999999999966 秒云团中心坐标[17188.        0.     1694.196]
烟雾弹起爆后 14.199999999999966 秒导弹坐标[14238.73466868     0.          1423.87346687]
烟雾弹起爆后 14.199999999999966 秒云团中心坐标[17188.        0.     1693.896]
烟雾弹起爆后 14.299999999999965 秒导弹坐标[14208.88355298     0.          1420.8883553 ]
烟雾弹起爆后 14.299999999999965 秒云团中心坐标[17188.        0.     1693.596]
烟雾弹起爆后 14.399999999999965 秒导弹坐标[14179.03243727     0.          1417.90324373]
烟雾弹起爆后 14.399999999999965 秒云团中心坐标[17188.        0.     1693.296]
烟雾弹起爆后 14.499999999999964 秒导弹坐标[14149.18132157     0.          1414.91813216]
烟雾弹起爆后 14.499999999999964 秒云团中心坐标[17188.        0.     1692.996]
烟雾弹起爆后 14.599999999999964 秒导弹坐标[14119.33020586     0.          1411.93302059]
烟雾弹起爆后 14.599999999999964 秒云团中心坐标[17188.        0.     1692.696]
烟雾弹起爆后 14.699999999999964 秒导弹坐标[14089.47909015     0.          1408.94790902]
烟雾弹起爆后 14.699999999999964 秒云团中心坐标[17188.        0.     1692.396]
烟雾弹起爆后 14.799999999999963 秒导弹坐标[14059.62797445     0.          1405.96279744]
烟雾弹起爆后 14.799999999999963 秒云团中心坐标[17188.        0.     1692.096]
烟雾弹起爆后 14.899999999999963 秒导弹坐标[14029.77685874     0.          1402.97768587]
烟雾弹起爆后 14.899999999999963 秒云团中心坐标[17188.        0.     1691.796]
烟雾弹起爆后 14.999999999999963 秒导弹坐标[13999.92574303     0.          1399.9925743 ]
烟雾弹起爆后 14.999999999999963 秒云团中心坐标[17188.        0.     1691.496]
烟雾弹起爆后 15.099999999999962 秒导弹坐标[13970.07462733     0.          1397.00746273]
烟雾弹起爆后 15.099999999999962 秒云团中心坐标[17188.        0.     1691.196]
烟雾弹起爆后 15.199999999999962 秒导弹坐标[13940.22351162     0.          1394.02235116]
烟雾弹起爆后 15.199999999999962 秒云团中心坐标[17188.        0.     1690.896]
烟雾弹起爆后 15.299999999999962 秒导弹坐标[13910.37239591     0.          1391.03723959]
烟雾弹起爆后 15.299999999999962 秒云团中心坐标[17188.        0.     1690.596]
烟雾弹起爆后 15.399999999999961 秒导弹坐标[13880.52128021     0.          1388.05212802]
烟雾弹起爆后 15.399999999999961 秒云团中心坐标[17188.        0.     1690.296]
烟雾弹起爆后 15.499999999999961 秒导弹坐标[13850.6701645      0.          1385.06701645]
烟雾弹起爆后 15.499999999999961 秒云团中心坐标[17188.        0.     1689.996]
烟雾弹起爆后 15.59999999999996 秒导弹坐标[13820.8190488      0.          1382.08190488]
烟雾弹起爆后 15.59999999999996 秒云团中心坐标[17188.        0.     1689.696]
烟雾弹起爆后 15.69999999999996 秒导弹坐标[13790.96793309     0.          1379.09679331]
烟雾弹起爆后 15.69999999999996 秒云团中心坐标[17188.        0.     1689.396]
烟雾弹起爆后 15.79999999999996 秒导弹坐标[13761.11681738     0.          1376.11168174]
烟雾弹起爆后 15.79999999999996 秒云团中心坐标[17188.        0.     1689.096]
烟雾弹起爆后 15.89999999999996 秒导弹坐标[13731.26570168     0.          1373.12657017]
烟雾弹起爆后 15.89999999999996 秒云团中心坐标[17188.        0.     1688.796]
烟雾弹起爆后 15.99999999999996 秒导弹坐标[13701.41458597     0.          1370.1414586 ]
烟雾弹起爆后 15.99999999999996 秒云团中心坐标[17188.        0.     1688.496]
烟雾弹起爆后 16.09999999999996 秒导弹坐标[13671.56347026     0.          1367.15634703]
烟雾弹起爆后 16.09999999999996 秒云团中心坐标[17188.        0.     1688.196]
烟雾弹起爆后 16.19999999999996 秒导弹坐标[13641.71235456     0.          1364.17123546]
烟雾弹起爆后 16.19999999999996 秒云团中心坐标[17188.        0.     1687.896]
烟雾弹起爆后 16.29999999999996 秒导弹坐标[13611.86123885     0.          1361.18612389]
烟雾弹起爆后 16.29999999999996 秒云团中心坐标[17188.        0.     1687.596]
烟雾弹起爆后 16.399999999999963 秒导弹坐标[13582.01012315     0.          1358.20101231]
烟雾弹起爆后 16.399999999999963 秒云团中心坐标[17188.        0.     1687.296]
烟雾弹起爆后 16.499999999999964 秒导弹坐标[13552.15900744     0.          1355.21590074]
烟雾弹起爆后 16.499999999999964 秒云团中心坐标[17188.        0.     1686.996]
烟雾弹起爆后 16.599999999999966 秒导弹坐标[13522.30789173     0.          1352.23078917]
烟雾弹起爆后 16.599999999999966 秒云团中心坐标[17188.        0.     1686.696]
烟雾弹起爆后 16.699999999999967 秒导弹坐标[13492.45677603     0.          1349.2456776 ]
烟雾弹起爆后 16.699999999999967 秒云团中心坐标[17188.        0.     1686.396]
烟雾弹起爆后 16.79999999999997 秒导弹坐标[13462.60566032     0.          1346.26056603]
烟雾弹起爆后 16.79999999999997 秒云团中心坐标[17188.        0.     1686.096]
烟雾弹起爆后 16.89999999999997 秒导弹坐标[13432.75454461     0.          1343.27545446]
烟雾弹起爆后 16.89999999999997 秒云团中心坐标[17188.        0.     1685.796]
烟雾弹起爆后 16.99999999999997 秒导弹坐标[13402.90342891     0.          1340.29034289]
烟雾弹起爆后 16.99999999999997 秒云团中心坐标[17188.        0.     1685.496]
烟雾弹起爆后 17.099999999999973 秒导弹坐标[13373.0523132      0.          1337.30523132]
烟雾弹起爆后 17.099999999999973 秒云团中心坐标[17188.        0.     1685.196]
烟雾弹起爆后 17.199999999999974 秒导弹坐标[13343.2011975      0.          1334.32011975]
烟雾弹起爆后 17.199999999999974 秒云团中心坐标[17188.        0.     1684.896]
烟雾弹起爆后 17.299999999999976 秒导弹坐标[13313.35008179     0.          1331.33500818]
烟雾弹起爆后 17.299999999999976 秒云团中心坐标[17188.        0.     1684.596]
烟雾弹起爆后 17.399999999999977 秒导弹坐标[13283.49896608     0.          1328.34989661]
烟雾弹起爆后 17.399999999999977 秒云团中心坐标[17188.        0.     1684.296]
烟雾弹起爆后 17.49999999999998 秒导弹坐标[13253.64785038     0.          1325.36478504]
烟雾弹起爆后 17.49999999999998 秒云团中心坐标[17188.        0.     1683.996]
烟雾弹起爆后 17.59999999999998 秒导弹坐标[13223.79673467     0.          1322.37967347]
烟雾弹起爆后 17.59999999999998 秒云团中心坐标[17188.        0.     1683.696]
烟雾弹起爆后 17.69999999999998 秒导弹坐标[13193.94561896     0.          1319.3945619 ]
烟雾弹起爆后 17.69999999999998 秒云团中心坐标[17188.        0.     1683.396]
烟雾弹起爆后 17.799999999999983 秒导弹坐标[13164.09450326     0.          1316.40945033]
烟雾弹起爆后 17.799999999999983 秒云团中心坐标[17188.        0.     1683.096]
烟雾弹起爆后 17.899999999999984 秒导弹坐标[13134.24338755     0.          1313.42433876]
烟雾弹起爆后 17.899999999999984 秒云团中心坐标[17188.        0.     1682.796]
烟雾弹起爆后 17.999999999999986 秒导弹坐标[13104.39227184     0.          1310.43922718]
烟雾弹起爆后 17.999999999999986 秒云团中心坐标[17188.        0.     1682.496]
烟雾弹起爆后 18.099999999999987 秒导弹坐标[13074.54115614     0.          1307.45411561]
烟雾弹起爆后 18.099999999999987 秒云团中心坐标[17188.        0.     1682.196]
烟雾弹起爆后 18.19999999999999 秒导弹坐标[13044.69004043     0.          1304.46900404]
烟雾弹起爆后 18.19999999999999 秒云团中心坐标[17188.        0.     1681.896]
烟雾弹起爆后 18.29999999999999 秒导弹坐标[13014.83892473     0.          1301.48389247]
烟雾弹起爆后 18.29999999999999 秒云团中心坐标[17188.        0.     1681.596]
烟雾弹起爆后 18.39999999999999 秒导弹坐标[12984.98780902     0.          1298.4987809 ]
烟雾弹起爆后 18.39999999999999 秒云团中心坐标[17188.        0.     1681.296]
烟雾弹起爆后 18.499999999999993 秒导弹坐标[12955.13669331     0.          1295.51366933]
烟雾弹起爆后 18.499999999999993 秒云团中心坐标[17188.        0.     1680.996]
烟雾弹起爆后 18.599999999999994 秒导弹坐标[12925.28557761     0.          1292.52855776]
烟雾弹起爆后 18.599999999999994 秒云团中心坐标[17188.        0.     1680.696]
烟雾弹起爆后 18.699999999999996 秒导弹坐标[12895.4344619      0.          1289.54344619]
烟雾弹起爆后 18.699999999999996 秒云团中心坐标[17188.        0.     1680.396]
烟雾弹起爆后 18.799999999999997 秒导弹坐标[12865.58334619     0.          1286.55833462]
烟雾弹起爆后 18.799999999999997 秒云团中心坐标[17188.        0.     1680.096]
烟雾弹起爆后 18.9 秒导弹坐标[12835.73223049     0.          1283.57322305]
烟雾弹起爆后 18.9 秒云团中心坐标[17188.        0.     1679.796]
烟雾弹起爆后 19.0 秒导弹坐标[12805.88111478     0.          1280.58811148]
烟雾弹起爆后 19.0 秒云团中心坐标[17188.        0.     1679.496]
烟雾弹起爆后 19.1 秒导弹坐标[12776.02999908     0.          1277.60299991]
烟雾弹起爆后 19.1 秒云团中心坐标[17188.        0.     1679.196]
烟雾弹起爆后 19.200000000000003 秒导弹坐标[12746.17888337     0.          1274.61788834]
烟雾弹起爆后 19.200000000000003 秒云团中心坐标[17188.        0.     1678.896]
烟雾弹起爆后 19.300000000000004 秒导弹坐标[12716.32776766     0.          1271.63277677]
烟雾弹起爆后 19.300000000000004 秒云团中心坐标[17188.        0.     1678.596]
烟雾弹起爆后 19.400000000000006 秒导弹坐标[12686.47665196     0.          1268.6476652 ]
烟雾弹起爆后 19.400000000000006 秒云团中心坐标[17188.        0.     1678.296]
烟雾弹起爆后 19.500000000000007 秒导弹坐标[12656.62553625     0.          1265.66255363]
烟雾弹起爆后 19.500000000000007 秒云团中心坐标[17188.        0.     1677.996]
烟雾弹起爆后 19.60000000000001 秒导弹坐标[12626.77442054     0.          1262.67744205]
烟雾弹起爆后 19.60000000000001 秒云团中心坐标[17188.        0.     1677.696]
烟雾弹起爆后 19.70000000000001 秒导弹坐标[12596.92330484     0.          1259.69233048]
烟雾弹起爆后 19.70000000000001 秒云团中心坐标[17188.        0.     1677.396]
烟雾弹起爆后 19.80000000000001 秒导弹坐标[12567.07218913     0.          1256.70721891]
烟雾弹起爆后 19.80000000000001 秒云团中心坐标[17188.        0.     1677.096]
烟雾弹起爆后 19.900000000000013 秒导弹坐标[12537.22107342     0.          1253.72210734]
烟雾弹起爆后 19.900000000000013 秒云团中心坐标[17188.        0.     1676.796]
0.0:0
0.1:0
0.2:0
0.3:0
0.4:0
0.5:0
0.6:0
0.7:0
0.8:0
0.9:0
1.0:0
1.1:0
1.2:0
1.3:0
1.4:0
1.5:0
1.6:0
1.7:0
1.8:0
1.9:0
2.0:0
2.1:0
2.2:0
2.3:0
2.4:0
2.5:0
2.6:0
2.7:0
2.8:0
2.9:0
3.0:1
3.1:1
3.2:1
3.3:1
3.4:1
3.5:1
3.6:1
3.7:1
3.8:1
3.9:1
4.0:1
4.1:1
4.2:1
4.3:1
4.4:0
4.5:0
4.6:0
4.7:0
4.8:0
4.9:0
5.0:0
5.1:0
5.2:0
5.3:0
5.4:0
5.5:0
5.6:0
5.7:0
5.8:0
5.9:0
6.0:0
6.1:0
6.2:0
6.3:0
6.4:0
6.5:0
6.6:0
6.7:0
6.8:0
6.9:0
7.0:0
7.1:0
7.2:0
7.3:0
7.4:0
7.5:0
7.6:0
7.7:0
7.8:0
7.9:0
8.0:0
8.1:0
8.2:0
8.3:0
8.4:0
8.5:0
8.6:0
8.7:0
8.8:0
8.9:0
9.0:0
9.1:0
9.2:0
9.3:0
9.4:0
9.5:0
9.6:0
9.7:0
9.8:0
9.9:0
10.0:0
10.1:0
10.2:0
10.3:0
10.4:0
10.5:0
10.6:0
10.7:0
10.8:0
10.9:0
11.0:0
11.1:0
11.2:0
11.3:0
11.4:0
11.5:0
11.6:0
11.7:0
11.8:0
11.9:0
12.0:0
12.1:0
12.2:0
12.3:0
12.4:0
12.5:0
12.6:0
12.7:0
12.8:0
12.9:0
13.0:0
13.1:0
13.2:0
13.3:0
13.4:0
13.5:0
13.6:0
13.7:0
13.8:0
13.9:0
14.0:0
14.1:0
14.2:0
14.3:0
14.4:0
14.5:0
14.6:0
14.7:0
14.8:0
14.9:0
15.0:0
15.1:0
15.2:0
15.3:0
15.4:0
15.5:0
15.6:0
15.7:0
15.8:0
15.9:0
16.0:0
16.1:0
16.2:0
16.3:0
16.4:0
16.5:0
16.6:0
16.7:0
16.8:0
16.9:0
17.0:0
17.1:0
17.2:0
17.3:0
17.4:0
17.5:0
17.6:0
17.7:0
17.8:0
17.9:0
18.0:0
18.1:0
18.2:0
18.3:0
18.4:0
18.5:0
18.6:0
18.7:0
18.8:0
18.9:0
19.0:0
19.1:0
19.2:0
19.3:0
19.4:0
19.5:0
19.6:0
19.7:0
19.8:0
19.9:0
t1 = 0.4 后导弹坐标[19880.59553717     0.          1988.05955372]
t1 = 0.4 后无人机坐标[19880.59553717     0.          1988.05955372]
t2 = 2.7 后导弹坐标[19074.6154131      0.          1907.46154131]
t2 = 2.7 后无人机坐标[1.75613e+04 7.44000e+00 1.80000e+03]
烟雾弹起爆点[1.756130e+04 7.440000e+00 1.764279e+03]
烟雾弹起爆后 0.0 秒导弹坐标[19074.6154131      0.          1907.46154131]
烟雾弹起爆后 0.0 秒云团中心坐标[1.756130e+04 7.440000e+00 1.764279e+03]
烟雾弹起爆后 0.1 秒导弹坐标[19044.7642974      0.          1904.47642974]
烟雾弹起爆后 0.1 秒云团中心坐标[1.756130e+04 7.440000e+00 1.763979e+03]
烟雾弹起爆后 0.2 秒导弹坐标[19014.91318169     0.          1901.49131817]
烟雾弹起爆后 0.2 秒云团中心坐标[1.756130e+04 7.440000e+00 1.763679e+03]
烟雾弹起爆后 0.30000000000000004 秒导弹坐标[18985.06206599     0.          1898.5062066 ]
烟雾弹起爆后 0.30000000000000004 秒云团中心坐标[1.756130e+04 7.440000e+00 1.763379e+03]
烟雾弹起爆后 0.4 秒导弹坐标[18955.21095028     0.          1895.52109503]
烟雾弹起爆后 0.4 秒云团中心坐标[1.756130e+04 7.440000e+00 1.763079e+03]
烟雾弹起爆后 0.5 秒导弹坐标[18925.35983457     0.          1892.53598346]
烟雾弹起爆后 0.5 秒云团中心坐标[1.756130e+04 7.440000e+00 1.762779e+03]
烟雾弹起爆后 0.6 秒导弹坐标[18895.50871887     0.          1889.55087189]
烟雾弹起爆后 0.6 秒云团中心坐标[1.756130e+04 7.440000e+00 1.762479e+03]
烟雾弹起爆后 0.7 秒导弹坐标[18865.65760316     0.          1886.56576032]
烟雾弹起爆后 0.7 秒云团中心坐标[1.756130e+04 7.440000e+00 1.762179e+03]
烟雾弹起爆后 0.7999999999999999 秒导弹坐标[18835.80648745     0.          1883.58064875]
烟雾弹起爆后 0.7999999999999999 秒云团中心坐标[1.756130e+04 7.440000e+00 1.761879e+03]
烟雾弹起爆后 0.8999999999999999 秒导弹坐标[18805.95537175     0.          1880.59553717]
烟雾弹起爆后 0.8999999999999999 秒云团中心坐标[1.756130e+04 7.440000e+00 1.761579e+03]
烟雾弹起爆后 0.9999999999999999 秒导弹坐标[18776.10425604     0.          1877.6104256 ]
烟雾弹起爆后 0.9999999999999999 秒云团中心坐标[1.756130e+04 7.440000e+00 1.761279e+03]
烟雾弹起爆后 1.0999999999999999 秒导弹坐标[18746.25314034     0.          1874.62531403]
烟雾弹起爆后 1.0999999999999999 秒云团中心坐标[1.756130e+04 7.440000e+00 1.760979e+03]
烟雾弹起爆后 1.2 秒导弹坐标[18716.40202463     0.          1871.64020246]
烟雾弹起爆后 1.2 秒云团中心坐标[1.756130e+04 7.440000e+00 1.760679e+03]
烟雾弹起爆后 1.3 秒导弹坐标[18686.55090892     0.          1868.65509089]
烟雾弹起爆后 1.3 秒云团中心坐标[1.756130e+04 7.440000e+00 1.760379e+03]
烟雾弹起爆后 1.4000000000000001 秒导弹坐标[18656.69979322     0.          1865.66997932]
烟雾弹起爆后 1.4000000000000001 秒云团中心坐标[1.756130e+04 7.440000e+00 1.760079e+03]
烟雾弹起爆后 1.5000000000000002 秒导弹坐标[18626.84867751     0.          1862.68486775]
烟雾弹起爆后 1.5000000000000002 秒云团中心坐标[1.756130e+04 7.440000e+00 1.759779e+03]
烟雾弹起爆后 1.6000000000000003 秒导弹坐标[18596.9975618      0.          1859.69975618]
烟雾弹起爆后 1.6000000000000003 秒云团中心坐标[1.756130e+04 7.440000e+00 1.759479e+03]
烟雾弹起爆后 1.7000000000000004 秒导弹坐标[18567.1464461      0.          1856.71464461]
烟雾弹起爆后 1.7000000000000004 秒云团中心坐标[1.756130e+04 7.440000e+00 1.759179e+03]
烟雾弹起爆后 1.8000000000000005 秒导弹坐标[18537.29533039     0.          1853.72953304]
烟雾弹起爆后 1.8000000000000005 秒云团中心坐标[1.756130e+04 7.440000e+00 1.758879e+03]
烟雾弹起爆后 1.9000000000000006 秒导弹坐标[18507.44421469     0.          1850.74442147]
烟雾弹起爆后 1.9000000000000006 秒云团中心坐标[1.756130e+04 7.440000e+00 1.758579e+03]
烟雾弹起爆后 2.0000000000000004 秒导弹坐标[18477.59309898     0.          1847.7593099 ]
烟雾弹起爆后 2.0000000000000004 秒云团中心坐标[1.756130e+04 7.440000e+00 1.758279e+03]
烟雾弹起爆后 2.1000000000000005 秒导弹坐标[18447.74198327     0.          1844.77419833]
烟雾弹起爆后 2.1000000000000005 秒云团中心坐标[1.756130e+04 7.440000e+00 1.757979e+03]
烟雾弹起爆后 2.2000000000000006 秒导弹坐标[18417.89086757     0.          1841.78908676]
烟雾弹起爆后 2.2000000000000006 秒云团中心坐标[1.756130e+04 7.440000e+00 1.757679e+03]
烟雾弹起爆后 2.3000000000000007 秒导弹坐标[18388.03975186     0.          1838.80397519]
烟雾弹起爆后 2.3000000000000007 秒云团中心坐标[1.756130e+04 7.440000e+00 1.757379e+03]
烟雾弹起爆后 2.400000000000001 秒导弹坐标[18358.18863615     0.          1835.81886362]
烟雾弹起爆后 2.400000000000001 秒云团中心坐标[1.756130e+04 7.440000e+00 1.757079e+03]
烟雾弹起爆后 2.500000000000001 秒导弹坐标[18328.33752045     0.          1832.83375204]
烟雾弹起爆后 2.500000000000001 秒云团中心坐标[1.756130e+04 7.440000e+00 1.756779e+03]
烟雾弹起爆后 2.600000000000001 秒导弹坐标[18298.48640474     0.          1829.84864047]
烟雾弹起爆后 2.600000000000001 秒云团中心坐标[1.756130e+04 7.440000e+00 1.756479e+03]
烟雾弹起爆后 2.700000000000001 秒导弹坐标[18268.63528903     0.          1826.8635289 ]
烟雾弹起爆后 2.700000000000001 秒云团中心坐标[1.756130e+04 7.440000e+00 1.756179e+03]
烟雾弹起爆后 2.800000000000001 秒导弹坐标[18238.78417333     0.          1823.87841733]
烟雾弹起爆后 2.800000000000001 秒云团中心坐标[1.756130e+04 7.440000e+00 1.755879e+03]
烟雾弹起爆后 2.9000000000000012 秒导弹坐标[18208.93305762     0.          1820.89330576]
烟雾弹起爆后 2.9000000000000012 秒云团中心坐标[1.756130e+04 7.440000e+00 1.755579e+03]
烟雾弹起爆后 3.0000000000000013 秒导弹坐标[18179.08194192     0.          1817.90819419]
烟雾弹起爆后 3.0000000000000013 秒云团中心坐标[1.756130e+04 7.440000e+00 1.755279e+03]
烟雾弹起爆后 3.1000000000000014 秒导弹坐标[18149.23082621     0.          1814.92308262]
烟雾弹起爆后 3.1000000000000014 秒云团中心坐标[1.756130e+04 7.440000e+00 1.754979e+03]
烟雾弹起爆后 3.2000000000000015 秒导弹坐标[18119.3797105      0.          1811.93797105]
烟雾弹起爆后 3.2000000000000015 秒云团中心坐标[1.756130e+04 7.440000e+00 1.754679e+03]
烟雾弹起爆后 3.3000000000000016 秒导弹坐标[18089.5285948      0.          1808.95285948]
烟雾弹起爆后 3.3000000000000016 秒云团中心坐标[1.756130e+04 7.440000e+00 1.754379e+03]
烟雾弹起爆后 3.4000000000000017 秒导弹坐标[18059.67747909     0.          1805.96774791]
烟雾弹起爆后 3.4000000000000017 秒云团中心坐标[1.756130e+04 7.440000e+00 1.754079e+03]
烟雾弹起爆后 3.5000000000000018 秒导弹坐标[18029.82636338     0.          1802.98263634]
烟雾弹起爆后 3.5000000000000018 秒云团中心坐标[1.756130e+04 7.440000e+00 1.753779e+03]
烟雾弹起爆后 3.600000000000002 秒导弹坐标[17999.97524768     0.          1799.99752477]
烟雾弹起爆后 3.600000000000002 秒云团中心坐标[1.756130e+04 7.440000e+00 1.753479e+03]
烟雾弹起爆后 3.700000000000002 秒导弹坐标[17970.12413197     0.          1797.0124132 ]
烟雾弹起爆后 3.700000000000002 秒云团中心坐标[1.756130e+04 7.440000e+00 1.753179e+03]
烟雾弹起爆后 3.800000000000002 秒导弹坐标[17940.27301627     0.          1794.02730163]
烟雾弹起爆后 3.800000000000002 秒云团中心坐标[1.756130e+04 7.440000e+00 1.752879e+03]
烟雾弹起爆后 3.900000000000002 秒导弹坐标[17910.42190056     0.          1791.04219006]
烟雾弹起爆后 3.900000000000002 秒云团中心坐标[1.756130e+04 7.440000e+00 1.752579e+03]
烟雾弹起爆后 4.000000000000002 秒导弹坐标[17880.57078485     0.          1788.05707849]
烟雾弹起爆后 4.000000000000002 秒云团中心坐标[1.756130e+04 7.440000e+00 1.752279e+03]
烟雾弹起爆后 4.100000000000001 秒导弹坐标[17850.71966915     0.          1785.07196691]
烟雾弹起爆后 4.100000000000001 秒云团中心坐标[1.756130e+04 7.440000e+00 1.751979e+03]
烟雾弹起爆后 4.200000000000001 秒导弹坐标[17820.86855344     0.          1782.08685534]
烟雾弹起爆后 4.200000000000001 秒云团中心坐标[1.756130e+04 7.440000e+00 1.751679e+03]
烟雾弹起爆后 4.300000000000001 秒导弹坐标[17791.01743773     0.          1779.10174377]
烟雾弹起爆后 4.300000000000001 秒云团中心坐标[1.756130e+04 7.440000e+00 1.751379e+03]
烟雾弹起爆后 4.4 秒导弹坐标[17761.16632203     0.          1776.1166322 ]
烟雾弹起爆后 4.4 秒云团中心坐标[1.756130e+04 7.440000e+00 1.751079e+03]
烟雾弹起爆后 4.5 秒导弹坐标[17731.31520632     0.          1773.13152063]
烟雾弹起爆后 4.5 秒云团中心坐标[1.756130e+04 7.440000e+00 1.750779e+03]
烟雾弹起爆后 4.6 秒导弹坐标[17701.46409061     0.          1770.14640906]
烟雾弹起爆后 4.6 秒云团中心坐标[1.756130e+04 7.440000e+00 1.750479e+03]
烟雾弹起爆后 4.699999999999999 秒导弹坐标[17671.61297491     0.          1767.16129749]
烟雾弹起爆后 4.699999999999999 秒云团中心坐标[1.756130e+04 7.440000e+00 1.750179e+03]
烟雾弹起爆后 4.799999999999999 秒导弹坐标[17641.7618592      0.          1764.17618592]
烟雾弹起爆后 4.799999999999999 秒云团中心坐标[1.756130e+04 7.440000e+00 1.749879e+03]
烟雾弹起爆后 4.899999999999999 秒导弹坐标[17611.9107435      0.          1761.19107435]
烟雾弹起爆后 4.899999999999999 秒云团中心坐标[1.756130e+04 7.440000e+00 1.749579e+03]
烟雾弹起爆后 4.999999999999998 秒导弹坐标[17582.05962779     0.          1758.20596278]
烟雾弹起爆后 4.999999999999998 秒云团中心坐标[1.756130e+04 7.440000e+00 1.749279e+03]
烟雾弹起爆后 5.099999999999998 秒导弹坐标[17552.20851208     0.          1755.22085121]
烟雾弹起爆后 5.099999999999998 秒云团中心坐标[1.756130e+04 7.440000e+00 1.748979e+03]
烟雾弹起爆后 5.1999999999999975 秒导弹坐标[17522.35739638     0.          1752.23573964]
烟雾弹起爆后 5.1999999999999975 秒云团中心坐标[1.756130e+04 7.440000e+00 1.748679e+03]
烟雾弹起爆后 5.299999999999997 秒导弹坐标[17492.50628067     0.          1749.25062807]
烟雾弹起爆后 5.299999999999997 秒云团中心坐标[1.756130e+04 7.440000e+00 1.748379e+03]
烟雾弹起爆后 5.399999999999997 秒导弹坐标[17462.65516496     0.          1746.2655165 ]
烟雾弹起爆后 5.399999999999997 秒云团中心坐标[1.756130e+04 7.440000e+00 1.748079e+03]
烟雾弹起爆后 5.4999999999999964 秒导弹坐标[17432.80404926     0.          1743.28040493]
烟雾弹起爆后 5.4999999999999964 秒云团中心坐标[1.756130e+04 7.440000e+00 1.747779e+03]
烟雾弹起爆后 5.599999999999996 秒导弹坐标[17402.95293355     0.          1740.29529336]
烟雾弹起爆后 5.599999999999996 秒云团中心坐标[1.756130e+04 7.440000e+00 1.747479e+03]
烟雾弹起爆后 5.699999999999996 秒导弹坐标[17373.10181785     0.          1737.31018178]
烟雾弹起爆后 5.699999999999996 秒云团中心坐标[1.756130e+04 7.440000e+00 1.747179e+03]
烟雾弹起爆后 5.799999999999995 秒导弹坐标[17343.25070214     0.          1734.32507021]
烟雾弹起爆后 5.799999999999995 秒云团中心坐标[1.756130e+04 7.440000e+00 1.746879e+03]
烟雾弹起爆后 5.899999999999995 秒导弹坐标[17313.39958643     0.          1731.33995864]
烟雾弹起爆后 5.899999999999995 秒云团中心坐标[1.756130e+04 7.440000e+00 1.746579e+03]
烟雾弹起爆后 5.999999999999995 秒导弹坐标[17283.54847073     0.          1728.35484707]
烟雾弹起爆后 5.999999999999995 秒云团中心坐标[1.756130e+04 7.440000e+00 1.746279e+03]
烟雾弹起爆后 6.099999999999994 秒导弹坐标[17253.69735502     0.          1725.3697355 ]
烟雾弹起爆后 6.099999999999994 秒云团中心坐标[1.756130e+04 7.440000e+00 1.745979e+03]
烟雾弹起爆后 6.199999999999994 秒导弹坐标[17223.84623931     0.          1722.38462393]
烟雾弹起爆后 6.199999999999994 秒云团中心坐标[1.756130e+04 7.440000e+00 1.745679e+03]
烟雾弹起爆后 6.299999999999994 秒导弹坐标[17193.99512361     0.          1719.39951236]
烟雾弹起爆后 6.299999999999994 秒云团中心坐标[1.756130e+04 7.440000e+00 1.745379e+03]
烟雾弹起爆后 6.399999999999993 秒导弹坐标[17164.1440079      0.          1716.41440079]
烟雾弹起爆后 6.399999999999993 秒云团中心坐标[1.756130e+04 7.440000e+00 1.745079e+03]
烟雾弹起爆后 6.499999999999993 秒导弹坐标[17134.2928922      0.          1713.42928922]
烟雾弹起爆后 6.499999999999993 秒云团中心坐标[1.756130e+04 7.440000e+00 1.744779e+03]
烟雾弹起爆后 6.5999999999999925 秒导弹坐标[17104.44177649     0.          1710.44417765]
烟雾弹起爆后 6.5999999999999925 秒云团中心坐标[1.756130e+04 7.440000e+00 1.744479e+03]
烟雾弹起爆后 6.699999999999992 秒导弹坐标[17074.59066078     0.          1707.45906608]
烟雾弹起爆后 6.699999999999992 秒云团中心坐标[1.756130e+04 7.440000e+00 1.744179e+03]
烟雾弹起爆后 6.799999999999992 秒导弹坐标[17044.73954508     0.          1704.47395451]
烟雾弹起爆后 6.799999999999992 秒云团中心坐标[1.756130e+04 7.440000e+00 1.743879e+03]
烟雾弹起爆后 6.8999999999999915 秒导弹坐标[17014.88842937     0.          1701.48884294]
烟雾弹起爆后 6.8999999999999915 秒云团中心坐标[1.756130e+04 7.440000e+00 1.743579e+03]
烟雾弹起爆后 6.999999999999991 秒导弹坐标[16985.03731366     0.          1698.50373137]
烟雾弹起爆后 6.999999999999991 秒云团中心坐标[1.756130e+04 7.440000e+00 1.743279e+03]
烟雾弹起爆后 7.099999999999991 秒导弹坐标[16955.18619796     0.          1695.5186198 ]
烟雾弹起爆后 7.099999999999991 秒云团中心坐标[1.756130e+04 7.440000e+00 1.742979e+03]
烟雾弹起爆后 7.19999999999999 秒导弹坐标[16925.33508225     0.          1692.53350823]
烟雾弹起爆后 7.19999999999999 秒云团中心坐标[1.756130e+04 7.440000e+00 1.742679e+03]
烟雾弹起爆后 7.29999999999999 秒导弹坐标[16895.48396654     0.          1689.54839665]
烟雾弹起爆后 7.29999999999999 秒云团中心坐标[1.756130e+04 7.440000e+00 1.742379e+03]
烟雾弹起爆后 7.39999999999999 秒导弹坐标[16865.63285084     0.          1686.56328508]
烟雾弹起爆后 7.39999999999999 秒云团中心坐标[1.756130e+04 7.440000e+00 1.742079e+03]
烟雾弹起爆后 7.499999999999989 秒导弹坐标[16835.78173513     0.          1683.57817351]
烟雾弹起爆后 7.499999999999989 秒云团中心坐标[1.756130e+04 7.440000e+00 1.741779e+03]
烟雾弹起爆后 7.599999999999989 秒导弹坐标[16805.93061943     0.          1680.59306194]
烟雾弹起爆后 7.599999999999989 秒云团中心坐标[1.756130e+04 7.440000e+00 1.741479e+03]
烟雾弹起爆后 7.699999999999989 秒导弹坐标[16776.07950372     0.          1677.60795037]
烟雾弹起爆后 7.699999999999989 秒云团中心坐标[1.756130e+04 7.440000e+00 1.741179e+03]
烟雾弹起爆后 7.799999999999988 秒导弹坐标[16746.22838801     0.          1674.6228388 ]
烟雾弹起爆后 7.799999999999988 秒云团中心坐标[1.756130e+04 7.440000e+00 1.740879e+03]
烟雾弹起爆后 7.899999999999988 秒导弹坐标[16716.37727231     0.          1671.63772723]
烟雾弹起爆后 7.899999999999988 秒云团中心坐标[1.756130e+04 7.440000e+00 1.740579e+03]
烟雾弹起爆后 7.999999999999988 秒导弹坐标[16686.5261566      0.          1668.65261566]
烟雾弹起爆后 7.999999999999988 秒云团中心坐标[1.756130e+04 7.440000e+00 1.740279e+03]
烟雾弹起爆后 8.099999999999987 秒导弹坐标[16656.67504089     0.          1665.66750409]
烟雾弹起爆后 8.099999999999987 秒云团中心坐标[1.756130e+04 7.440000e+00 1.739979e+03]
烟雾弹起爆后 8.199999999999987 秒导弹坐标[16626.82392519     0.          1662.68239252]
烟雾弹起爆后 8.199999999999987 秒云团中心坐标[1.756130e+04 7.440000e+00 1.739679e+03]
烟雾弹起爆后 8.299999999999986 秒导弹坐标[16596.97280948     0.          1659.69728095]
烟雾弹起爆后 8.299999999999986 秒云团中心坐标[1.756130e+04 7.440000e+00 1.739379e+03]
烟雾弹起爆后 8.399999999999986 秒导弹坐标[16567.12169378     0.          1656.71216938]
烟雾弹起爆后 8.399999999999986 秒云团中心坐标[1.756130e+04 7.440000e+00 1.739079e+03]
烟雾弹起爆后 8.499999999999986 秒导弹坐标[16537.27057807     0.          1653.72705781]
烟雾弹起爆后 8.499999999999986 秒云团中心坐标[1.756130e+04 7.440000e+00 1.738779e+03]
烟雾弹起爆后 8.599999999999985 秒导弹坐标[16507.41946236     0.          1650.74194624]
烟雾弹起爆后 8.599999999999985 秒云团中心坐标[1.756130e+04 7.440000e+00 1.738479e+03]
烟雾弹起爆后 8.699999999999985 秒导弹坐标[16477.56834666     0.          1647.75683467]
烟雾弹起爆后 8.699999999999985 秒云团中心坐标[1.756130e+04 7.440000e+00 1.738179e+03]
烟雾弹起爆后 8.799999999999985 秒导弹坐标[16447.71723095     0.          1644.7717231 ]
烟雾弹起爆后 8.799999999999985 秒云团中心坐标[1.756130e+04 7.440000e+00 1.737879e+03]
烟雾弹起爆后 8.899999999999984 秒导弹坐标[16417.86611524     0.          1641.78661152]
烟雾弹起爆后 8.899999999999984 秒云团中心坐标[1.756130e+04 7.440000e+00 1.737579e+03]
烟雾弹起爆后 8.999999999999984 秒导弹坐标[16388.01499954     0.          1638.80149995]
烟雾弹起爆后 8.999999999999984 秒云团中心坐标[1.756130e+04 7.440000e+00 1.737279e+03]
烟雾弹起爆后 9.099999999999984 秒导弹坐标[16358.16388383     0.          1635.81638838]
烟雾弹起爆后 9.099999999999984 秒云团中心坐标[1.756130e+04 7.440000e+00 1.736979e+03]
烟雾弹起爆后 9.199999999999983 秒导弹坐标[16328.31276813     0.          1632.83127681]
烟雾弹起爆后 9.199999999999983 秒云团中心坐标[1.756130e+04 7.440000e+00 1.736679e+03]
烟雾弹起爆后 9.299999999999983 秒导弹坐标[16298.46165242     0.          1629.84616524]
烟雾弹起爆后 9.299999999999983 秒云团中心坐标[1.756130e+04 7.440000e+00 1.736379e+03]
烟雾弹起爆后 9.399999999999983 秒导弹坐标[16268.61053671     0.          1626.86105367]
烟雾弹起爆后 9.399999999999983 秒云团中心坐标[1.756130e+04 7.440000e+00 1.736079e+03]
烟雾弹起爆后 9.499999999999982 秒导弹坐标[16238.75942101     0.          1623.8759421 ]
烟雾弹起爆后 9.499999999999982 秒云团中心坐标[1.756130e+04 7.440000e+00 1.735779e+03]
烟雾弹起爆后 9.599999999999982 秒导弹坐标[16208.9083053      0.          1620.89083053]
烟雾弹起爆后 9.599999999999982 秒云团中心坐标[1.756130e+04 7.440000e+00 1.735479e+03]
烟雾弹起爆后 9.699999999999982 秒导弹坐标[16179.05718959     0.          1617.90571896]
烟雾弹起爆后 9.699999999999982 秒云团中心坐标[1.756130e+04 7.440000e+00 1.735179e+03]
烟雾弹起爆后 9.799999999999981 秒导弹坐标[16149.20607389     0.          1614.92060739]
烟雾弹起爆后 9.799999999999981 秒云团中心坐标[1.756130e+04 7.440000e+00 1.734879e+03]
烟雾弹起爆后 9.89999999999998 秒导弹坐标[16119.35495818     0.          1611.93549582]
烟雾弹起爆后 9.89999999999998 秒云团中心坐标[1.756130e+04 7.440000e+00 1.734579e+03]
烟雾弹起爆后 9.99999999999998 秒导弹坐标[16089.50384247     0.          1608.95038425]
烟雾弹起爆后 9.99999999999998 秒云团中心坐标[1.756130e+04 7.440000e+00 1.734279e+03]
烟雾弹起爆后 10.09999999999998 秒导弹坐标[16059.65272677     0.          1605.96527268]
烟雾弹起爆后 10.09999999999998 秒云团中心坐标[1.756130e+04 7.440000e+00 1.733979e+03]
烟雾弹起爆后 10.19999999999998 秒导弹坐标[16029.80161106     0.          1602.98016111]
烟雾弹起爆后 10.19999999999998 秒云团中心坐标[1.756130e+04 7.440000e+00 1.733679e+03]
烟雾弹起爆后 10.29999999999998 秒导弹坐标[15999.95049536     0.          1599.99504954]
烟雾弹起爆后 10.29999999999998 秒云团中心坐标[1.756130e+04 7.440000e+00 1.733379e+03]
烟雾弹起爆后 10.399999999999979 秒导弹坐标[15970.09937965     0.          1597.00993796]
烟雾弹起爆后 10.399999999999979 秒云团中心坐标[1.756130e+04 7.440000e+00 1.733079e+03]
烟雾弹起爆后 10.499999999999979 秒导弹坐标[15940.24826394     0.          1594.02482639]
烟雾弹起爆后 10.499999999999979 秒云团中心坐标[1.756130e+04 7.440000e+00 1.732779e+03]
烟雾弹起爆后 10.599999999999978 秒导弹坐标[15910.39714824     0.          1591.03971482]
烟雾弹起爆后 10.599999999999978 秒云团中心坐标[1.756130e+04 7.440000e+00 1.732479e+03]
烟雾弹起爆后 10.699999999999978 秒导弹坐标[15880.54603253     0.          1588.05460325]
烟雾弹起爆后 10.699999999999978 秒云团中心坐标[1.756130e+04 7.440000e+00 1.732179e+03]
烟雾弹起爆后 10.799999999999978 秒导弹坐标[15850.69491682     0.          1585.06949168]
烟雾弹起爆后 10.799999999999978 秒云团中心坐标[1.756130e+04 7.440000e+00 1.731879e+03]
烟雾弹起爆后 10.899999999999977 秒导弹坐标[15820.84380112     0.          1582.08438011]
烟雾弹起爆后 10.899999999999977 秒云团中心坐标[1.756130e+04 7.440000e+00 1.731579e+03]
烟雾弹起爆后 10.999999999999977 秒导弹坐标[15790.99268541     0.          1579.09926854]
烟雾弹起爆后 10.999999999999977 秒云团中心坐标[1.756130e+04 7.440000e+00 1.731279e+03]
烟雾弹起爆后 11.099999999999977 秒导弹坐标[15761.14156971     0.          1576.11415697]
烟雾弹起爆后 11.099999999999977 秒云团中心坐标[1.756130e+04 7.440000e+00 1.730979e+03]
烟雾弹起爆后 11.199999999999976 秒导弹坐标[15731.290454      0.         1573.1290454]
烟雾弹起爆后 11.199999999999976 秒云团中心坐标[1.756130e+04 7.440000e+00 1.730679e+03]
烟雾弹起爆后 11.299999999999976 秒导弹坐标[15701.43933829     0.          1570.14393383]
烟雾弹起爆后 11.299999999999976 秒云团中心坐标[1.756130e+04 7.440000e+00 1.730379e+03]
烟雾弹起爆后 11.399999999999975 秒导弹坐标[15671.58822259     0.          1567.15882226]
烟雾弹起爆后 11.399999999999975 秒云团中心坐标[1.756130e+04 7.440000e+00 1.730079e+03]
烟雾弹起爆后 11.499999999999975 秒导弹坐标[15641.73710688     0.          1564.17371069]
烟雾弹起爆后 11.499999999999975 秒云团中心坐标[1.756130e+04 7.440000e+00 1.729779e+03]
烟雾弹起爆后 11.599999999999975 秒导弹坐标[15611.88599117     0.          1561.18859912]
烟雾弹起爆后 11.599999999999975 秒云团中心坐标[1.756130e+04 7.440000e+00 1.729479e+03]
烟雾弹起爆后 11.699999999999974 秒导弹坐标[15582.03487547     0.          1558.20348755]
烟雾弹起爆后 11.699999999999974 秒云团中心坐标[1.756130e+04 7.440000e+00 1.729179e+03]
烟雾弹起爆后 11.799999999999974 秒导弹坐标[15552.18375976     0.          1555.21837598]
烟雾弹起爆后 11.799999999999974 秒云团中心坐标[1.756130e+04 7.440000e+00 1.728879e+03]
烟雾弹起爆后 11.899999999999974 秒导弹坐标[15522.33264405     0.          1552.23326441]
烟雾弹起爆后 11.899999999999974 秒云团中心坐标[1.756130e+04 7.440000e+00 1.728579e+03]
烟雾弹起爆后 11.999999999999973 秒导弹坐标[15492.48152835     0.          1549.24815283]
烟雾弹起爆后 11.999999999999973 秒云团中心坐标[1.756130e+04 7.440000e+00 1.728279e+03]
烟雾弹起爆后 12.099999999999973 秒导弹坐标[15462.63041264     0.          1546.26304126]
烟雾弹起爆后 12.099999999999973 秒云团中心坐标[1.756130e+04 7.440000e+00 1.727979e+03]
烟雾弹起爆后 12.199999999999973 秒导弹坐标[15432.77929694     0.          1543.27792969]
烟雾弹起爆后 12.199999999999973 秒云团中心坐标[1.756130e+04 7.440000e+00 1.727679e+03]
烟雾弹起爆后 12.299999999999972 秒导弹坐标[15402.92818123     0.          1540.29281812]
烟雾弹起爆后 12.299999999999972 秒云团中心坐标[1.756130e+04 7.440000e+00 1.727379e+03]
烟雾弹起爆后 12.399999999999972 秒导弹坐标[15373.07706552     0.          1537.30770655]
烟雾弹起爆后 12.399999999999972 秒云团中心坐标[1.756130e+04 7.440000e+00 1.727079e+03]
烟雾弹起爆后 12.499999999999972 秒导弹坐标[15343.22594982     0.          1534.32259498]
烟雾弹起爆后 12.499999999999972 秒云团中心坐标[1.756130e+04 7.440000e+00 1.726779e+03]
烟雾弹起爆后 12.599999999999971 秒导弹坐标[15313.37483411     0.          1531.33748341]
烟雾弹起爆后 12.599999999999971 秒云团中心坐标[1.756130e+04 7.440000e+00 1.726479e+03]
烟雾弹起爆后 12.69999999999997 秒导弹坐标[15283.5237184      0.          1528.35237184]
烟雾弹起爆后 12.69999999999997 秒云团中心坐标[1.756130e+04 7.440000e+00 1.726179e+03]
烟雾弹起爆后 12.79999999999997 秒导弹坐标[15253.6726027      0.          1525.36726027]
烟雾弹起爆后 12.79999999999997 秒云团中心坐标[1.756130e+04 7.440000e+00 1.725879e+03]
烟雾弹起爆后 12.89999999999997 秒导弹坐标[15223.82148699     0.          1522.3821487 ]
烟雾弹起爆后 12.89999999999997 秒云团中心坐标[1.756130e+04 7.440000e+00 1.725579e+03]
烟雾弹起爆后 12.99999999999997 秒导弹坐标[15193.97037129     0.          1519.39703713]
烟雾弹起爆后 12.99999999999997 秒云团中心坐标[1.756130e+04 7.440000e+00 1.725279e+03]
烟雾弹起爆后 13.09999999999997 秒导弹坐标[15164.11925558     0.          1516.41192556]
烟雾弹起爆后 13.09999999999997 秒云团中心坐标[1.756130e+04 7.440000e+00 1.724979e+03]
烟雾弹起爆后 13.199999999999969 秒导弹坐标[15134.26813987     0.          1513.42681399]
烟雾弹起爆后 13.199999999999969 秒云团中心坐标[1.756130e+04 7.440000e+00 1.724679e+03]
烟雾弹起爆后 13.299999999999969 秒导弹坐标[15104.41702417     0.          1510.44170242]
烟雾弹起爆后 13.299999999999969 秒云团中心坐标[1.756130e+04 7.440000e+00 1.724379e+03]
烟雾弹起爆后 13.399999999999968 秒导弹坐标[15074.56590846     0.          1507.45659085]
烟雾弹起爆后 13.399999999999968 秒云团中心坐标[1.756130e+04 7.440000e+00 1.724079e+03]
烟雾弹起爆后 13.499999999999968 秒导弹坐标[15044.71479275     0.          1504.47147928]
烟雾弹起爆后 13.499999999999968 秒云团中心坐标[1.756130e+04 7.440000e+00 1.723779e+03]
烟雾弹起爆后 13.599999999999968 秒导弹坐标[15014.86367705     0.          1501.4863677 ]
烟雾弹起爆后 13.599999999999968 秒云团中心坐标[1.756130e+04 7.440000e+00 1.723479e+03]
烟雾弹起爆后 13.699999999999967 秒导弹坐标[14985.01256134     0.          1498.50125613]
烟雾弹起爆后 13.699999999999967 秒云团中心坐标[1.756130e+04 7.440000e+00 1.723179e+03]
烟雾弹起爆后 13.799999999999967 秒导弹坐标[14955.16144564     0.          1495.51614456]
烟雾弹起爆后 13.799999999999967 秒云团中心坐标[1.756130e+04 7.440000e+00 1.722879e+03]
烟雾弹起爆后 13.899999999999967 秒导弹坐标[14925.31032993     0.          1492.53103299]
烟雾弹起爆后 13.899999999999967 秒云团中心坐标[1.756130e+04 7.440000e+00 1.722579e+03]
烟雾弹起爆后 13.999999999999966 秒导弹坐标[14895.45921422     0.          1489.54592142]
烟雾弹起爆后 13.999999999999966 秒云团中心坐标[1.756130e+04 7.440000e+00 1.722279e+03]
烟雾弹起爆后 14.099999999999966 秒导弹坐标[14865.60809852     0.          1486.56080985]
烟雾弹起爆后 14.099999999999966 秒云团中心坐标[1.756130e+04 7.440000e+00 1.721979e+03]
烟雾弹起爆后 14.199999999999966 秒导弹坐标[14835.75698281     0.          1483.57569828]
烟雾弹起爆后 14.199999999999966 秒云团中心坐标[1.756130e+04 7.440000e+00 1.721679e+03]
烟雾弹起爆后 14.299999999999965 秒导弹坐标[14805.9058671      0.          1480.59058671]
烟雾弹起爆后 14.299999999999965 秒云团中心坐标[1.756130e+04 7.440000e+00 1.721379e+03]
烟雾弹起爆后 14.399999999999965 秒导弹坐标[14776.0547514      0.          1477.60547514]
烟雾弹起爆后 14.399999999999965 秒云团中心坐标[1.756130e+04 7.440000e+00 1.721079e+03]
烟雾弹起爆后 14.499999999999964 秒导弹坐标[14746.20363569     0.          1474.62036357]
烟雾弹起爆后 14.499999999999964 秒云团中心坐标[1.756130e+04 7.440000e+00 1.720779e+03]
烟雾弹起爆后 14.599999999999964 秒导弹坐标[14716.35251998     0.          1471.635252  ]
烟雾弹起爆后 14.599999999999964 秒云团中心坐标[1.756130e+04 7.440000e+00 1.720479e+03]
烟雾弹起爆后 14.699999999999964 秒导弹坐标[14686.50140428     0.          1468.65014043]
烟雾弹起爆后 14.699999999999964 秒云团中心坐标[1.756130e+04 7.440000e+00 1.720179e+03]
烟雾弹起爆后 14.799999999999963 秒导弹坐标[14656.65028857     0.          1465.66502886]
烟雾弹起爆后 14.799999999999963 秒云团中心坐标[1.756130e+04 7.440000e+00 1.719879e+03]
烟雾弹起爆后 14.899999999999963 秒导弹坐标[14626.79917287     0.          1462.67991729]
烟雾弹起爆后 14.899999999999963 秒云团中心坐标[1.756130e+04 7.440000e+00 1.719579e+03]
烟雾弹起爆后 14.999999999999963 秒导弹坐标[14596.94805716     0.          1459.69480572]
烟雾弹起爆后 14.999999999999963 秒云团中心坐标[1.756130e+04 7.440000e+00 1.719279e+03]
烟雾弹起爆后 15.099999999999962 秒导弹坐标[14567.09694145     0.          1456.70969415]
烟雾弹起爆后 15.099999999999962 秒云团中心坐标[1.756130e+04 7.440000e+00 1.718979e+03]
烟雾弹起爆后 15.199999999999962 秒导弹坐标[14537.24582575     0.          1453.72458257]
烟雾弹起爆后 15.199999999999962 秒云团中心坐标[1.756130e+04 7.440000e+00 1.718679e+03]
烟雾弹起爆后 15.299999999999962 秒导弹坐标[14507.39471004     0.          1450.739471  ]
烟雾弹起爆后 15.299999999999962 秒云团中心坐标[1.756130e+04 7.440000e+00 1.718379e+03]
烟雾弹起爆后 15.399999999999961 秒导弹坐标[14477.54359433     0.          1447.75435943]
烟雾弹起爆后 15.399999999999961 秒云团中心坐标[1.756130e+04 7.440000e+00 1.718079e+03]
烟雾弹起爆后 15.499999999999961 秒导弹坐标[14447.69247863     0.          1444.76924786]
烟雾弹起爆后 15.499999999999961 秒云团中心坐标[1.756130e+04 7.440000e+00 1.717779e+03]
烟雾弹起爆后 15.59999999999996 秒导弹坐标[14417.84136292     0.          1441.78413629]
烟雾弹起爆后 15.59999999999996 秒云团中心坐标[1.756130e+04 7.440000e+00 1.717479e+03]
烟雾弹起爆后 15.69999999999996 秒导弹坐标[14387.99024722     0.          1438.79902472]
烟雾弹起爆后 15.69999999999996 秒云团中心坐标[1.756130e+04 7.440000e+00 1.717179e+03]
烟雾弹起爆后 15.79999999999996 秒导弹坐标[14358.13913151     0.          1435.81391315]
烟雾弹起爆后 15.79999999999996 秒云团中心坐标[1.756130e+04 7.440000e+00 1.716879e+03]
烟雾弹起爆后 15.89999999999996 秒导弹坐标[14328.2880158      0.          1432.82880158]
烟雾弹起爆后 15.89999999999996 秒云团中心坐标[1.756130e+04 7.440000e+00 1.716579e+03]
烟雾弹起爆后 15.99999999999996 秒导弹坐标[14298.4369001      0.          1429.84369001]
烟雾弹起爆后 15.99999999999996 秒云团中心坐标[1.756130e+04 7.440000e+00 1.716279e+03]
烟雾弹起爆后 16.09999999999996 秒导弹坐标[14268.58578439     0.          1426.85857844]
烟雾弹起爆后 16.09999999999996 秒云团中心坐标[1.756130e+04 7.440000e+00 1.715979e+03]
烟雾弹起爆后 16.19999999999996 秒导弹坐标[14238.73466868     0.          1423.87346687]
烟雾弹起爆后 16.19999999999996 秒云团中心坐标[1.756130e+04 7.440000e+00 1.715679e+03]
烟雾弹起爆后 16.29999999999996 秒导弹坐标[14208.88355298     0.          1420.8883553 ]
烟雾弹起爆后 16.29999999999996 秒云团中心坐标[1.756130e+04 7.440000e+00 1.715379e+03]
烟雾弹起爆后 16.399999999999963 秒导弹坐标[14179.03243727     0.          1417.90324373]
烟雾弹起爆后 16.399999999999963 秒云团中心坐标[1.756130e+04 7.440000e+00 1.715079e+03]
烟雾弹起爆后 16.499999999999964 秒导弹坐标[14149.18132157     0.          1414.91813216]
烟雾弹起爆后 16.499999999999964 秒云团中心坐标[1.756130e+04 7.440000e+00 1.714779e+03]
烟雾弹起爆后 16.599999999999966 秒导弹坐标[14119.33020586     0.          1411.93302059]
烟雾弹起爆后 16.599999999999966 秒云团中心坐标[1.756130e+04 7.440000e+00 1.714479e+03]
烟雾弹起爆后 16.699999999999967 秒导弹坐标[14089.47909015     0.          1408.94790902]
烟雾弹起爆后 16.699999999999967 秒云团中心坐标[1.756130e+04 7.440000e+00 1.714179e+03]
烟雾弹起爆后 16.79999999999997 秒导弹坐标[14059.62797445     0.          1405.96279744]
烟雾弹起爆后 16.79999999999997 秒云团中心坐标[1.756130e+04 7.440000e+00 1.713879e+03]
烟雾弹起爆后 16.89999999999997 秒导弹坐标[14029.77685874     0.          1402.97768587]
烟雾弹起爆后 16.89999999999997 秒云团中心坐标[1.756130e+04 7.440000e+00 1.713579e+03]
烟雾弹起爆后 16.99999999999997 秒导弹坐标[13999.92574303     0.          1399.9925743 ]
烟雾弹起爆后 16.99999999999997 秒云团中心坐标[1.756130e+04 7.440000e+00 1.713279e+03]
烟雾弹起爆后 17.099999999999973 秒导弹坐标[13970.07462733     0.          1397.00746273]
烟雾弹起爆后 17.099999999999973 秒云团中心坐标[1.756130e+04 7.440000e+00 1.712979e+03]
烟雾弹起爆后 17.199999999999974 秒导弹坐标[13940.22351162     0.          1394.02235116]
烟雾弹起爆后 17.199999999999974 秒云团中心坐标[1.756130e+04 7.440000e+00 1.712679e+03]
烟雾弹起爆后 17.299999999999976 秒导弹坐标[13910.37239591     0.          1391.03723959]
烟雾弹起爆后 17.299999999999976 秒云团中心坐标[1.756130e+04 7.440000e+00 1.712379e+03]
烟雾弹起爆后 17.399999999999977 秒导弹坐标[13880.52128021     0.          1388.05212802]
烟雾弹起爆后 17.399999999999977 秒云团中心坐标[1.756130e+04 7.440000e+00 1.712079e+03]
烟雾弹起爆后 17.49999999999998 秒导弹坐标[13850.6701645      0.          1385.06701645]
烟雾弹起爆后 17.49999999999998 秒云团中心坐标[1.756130e+04 7.440000e+00 1.711779e+03]
烟雾弹起爆后 17.59999999999998 秒导弹坐标[13820.8190488      0.          1382.08190488]
烟雾弹起爆后 17.59999999999998 秒云团中心坐标[1.756130e+04 7.440000e+00 1.711479e+03]
烟雾弹起爆后 17.69999999999998 秒导弹坐标[13790.96793309     0.          1379.09679331]
烟雾弹起爆后 17.69999999999998 秒云团中心坐标[1.756130e+04 7.440000e+00 1.711179e+03]
烟雾弹起爆后 17.799999999999983 秒导弹坐标[13761.11681738     0.          1376.11168174]
烟雾弹起爆后 17.799999999999983 秒云团中心坐标[1.756130e+04 7.440000e+00 1.710879e+03]
烟雾弹起爆后 17.899999999999984 秒导弹坐标[13731.26570168     0.          1373.12657017]
烟雾弹起爆后 17.899999999999984 秒云团中心坐标[1.756130e+04 7.440000e+00 1.710579e+03]
烟雾弹起爆后 17.999999999999986 秒导弹坐标[13701.41458597     0.          1370.1414586 ]
烟雾弹起爆后 17.999999999999986 秒云团中心坐标[1.756130e+04 7.440000e+00 1.710279e+03]
烟雾弹起爆后 18.099999999999987 秒导弹坐标[13671.56347026     0.          1367.15634703]
烟雾弹起爆后 18.099999999999987 秒云团中心坐标[1.756130e+04 7.440000e+00 1.709979e+03]
烟雾弹起爆后 18.19999999999999 秒导弹坐标[13641.71235456     0.          1364.17123546]
烟雾弹起爆后 18.19999999999999 秒云团中心坐标[1.756130e+04 7.440000e+00 1.709679e+03]
烟雾弹起爆后 18.29999999999999 秒导弹坐标[13611.86123885     0.          1361.18612389]
烟雾弹起爆后 18.29999999999999 秒云团中心坐标[1.756130e+04 7.440000e+00 1.709379e+03]
烟雾弹起爆后 18.39999999999999 秒导弹坐标[13582.01012315     0.          1358.20101231]
烟雾弹起爆后 18.39999999999999 秒云团中心坐标[1.756130e+04 7.440000e+00 1.709079e+03]
烟雾弹起爆后 18.499999999999993 秒导弹坐标[13552.15900744     0.          1355.21590074]
烟雾弹起爆后 18.499999999999993 秒云团中心坐标[1.756130e+04 7.440000e+00 1.708779e+03]
烟雾弹起爆后 18.599999999999994 秒导弹坐标[13522.30789173     0.          1352.23078917]
烟雾弹起爆后 18.599999999999994 秒云团中心坐标[1.756130e+04 7.440000e+00 1.708479e+03]
烟雾弹起爆后 18.699999999999996 秒导弹坐标[13492.45677603     0.          1349.2456776 ]
烟雾弹起爆后 18.699999999999996 秒云团中心坐标[1.756130e+04 7.440000e+00 1.708179e+03]
烟雾弹起爆后 18.799999999999997 秒导弹坐标[13462.60566032     0.          1346.26056603]
烟雾弹起爆后 18.799999999999997 秒云团中心坐标[1.756130e+04 7.440000e+00 1.707879e+03]
烟雾弹起爆后 18.9 秒导弹坐标[13432.75454461     0.          1343.27545446]
烟雾弹起爆后 18.9 秒云团中心坐标[1.756130e+04 7.440000e+00 1.707579e+03]
烟雾弹起爆后 19.0 秒导弹坐标[13402.90342891     0.          1340.29034289]
烟雾弹起爆后 19.0 秒云团中心坐标[1.756130e+04 7.440000e+00 1.707279e+03]
烟雾弹起爆后 19.1 秒导弹坐标[13373.0523132      0.          1337.30523132]
烟雾弹起爆后 19.1 秒云团中心坐标[1.756130e+04 7.440000e+00 1.706979e+03]
烟雾弹起爆后 19.200000000000003 秒导弹坐标[13343.2011975      0.          1334.32011975]
烟雾弹起爆后 19.200000000000003 秒云团中心坐标[1.756130e+04 7.440000e+00 1.706679e+03]
烟雾弹起爆后 19.300000000000004 秒导弹坐标[13313.35008179     0.          1331.33500818]
烟雾弹起爆后 19.300000000000004 秒云团中心坐标[1.756130e+04 7.440000e+00 1.706379e+03]
烟雾弹起爆后 19.400000000000006 秒导弹坐标[13283.49896608     0.          1328.34989661]
烟雾弹起爆后 19.400000000000006 秒云团中心坐标[1.756130e+04 7.440000e+00 1.706079e+03]
烟雾弹起爆后 19.500000000000007 秒导弹坐标[13253.64785038     0.          1325.36478504]
烟雾弹起爆后 19.500000000000007 秒云团中心坐标[1.756130e+04 7.440000e+00 1.705779e+03]
烟雾弹起爆后 19.60000000000001 秒导弹坐标[13223.79673467     0.          1322.37967347]
烟雾弹起爆后 19.60000000000001 秒云团中心坐标[1.756130e+04 7.440000e+00 1.705479e+03]
烟雾弹起爆后 19.70000000000001 秒导弹坐标[13193.94561896     0.          1319.3945619 ]
烟雾弹起爆后 19.70000000000001 秒云团中心坐标[1.756130e+04 7.440000e+00 1.705179e+03]
烟雾弹起爆后 19.80000000000001 秒导弹坐标[13164.09450326     0.          1316.40945033]
烟雾弹起爆后 19.80000000000001 秒云团中心坐标[1.756130e+04 7.440000e+00 1.704879e+03]
烟雾弹起爆后 19.900000000000013 秒导弹坐标[13134.24338755     0.          1313.42433876]
烟雾弹起爆后 19.900000000000013 秒云团中心坐标[1.756130e+04 7.440000e+00 1.704579e+03]
0.0:0
0.1:0
0.2:0
0.3:0
0.4:0
0.5:1
0.6:1
0.7:1
0.8:1
0.9:1
1.0:1
1.1:1
1.2:1
1.3:1
1.4:1
1.5:1
1.6:1
1.7:1
1.8:1
1.9:1
2.0:1
2.1:1
2.2:1
2.3:1
2.4:1
2.5:1
2.6:1
2.7:1
2.8:1
2.9:1
3.0:1
3.1:1
3.2:1
3.3:1
3.4:1
3.5:1
3.6:1
3.7:1
3.8:1
3.9:1
4.0:1
4.1:1
4.2:1
4.3:1
4.4:1
4.5:1
4.6:1
4.7:1
4.8:1
4.9:1
5.0:1
5.1:0
5.2:0
5.3:0
5.4:0
5.5:0
5.6:0
5.7:0
5.8:0
5.9:0
6.0:0
6.1:0
6.2:0
6.3:0
6.4:0
6.5:0
6.6:0
6.7:0
6.8:0
6.9:0
7.0:0
7.1:0
7.2:0
7.3:0
7.4:0
7.5:0
7.6:0
7.7:0
7.8:0
7.9:0
8.0:0
8.1:0
8.2:0
8.3:0
8.4:0
8.5:0
8.6:0
8.7:0
8.8:0
8.9:0
9.0:0
9.1:0
9.2:0
9.3:0
9.4:0
9.5:0
9.6:0
9.7:0
9.8:0
9.9:0
10.0:0
10.1:0
10.2:0
10.3:0
10.4:0
10.5:0
10.6:0
10.7:0
10.8:0
10.9:0
11.0:0
11.1:0
11.2:0
11.3:0
11.4:0
11.5:0
11.6:0
11.7:0
11.8:0
11.9:0
12.0:0
12.1:0
12.2:0
12.3:0
12.4:0
12.5:0
12.6:0
12.7:0
12.8:0
12.9:0
13.0:0
13.1:0
13.2:0
13.3:0
13.4:0
13.5:0
13.6:0
13.7:0
13.8:0
13.9:0
14.0:0
14.1:0
14.2:0
14.3:0
14.4:0
14.5:0
14.6:0
14.7:0
14.8:0
14.9:0
15.0:0
15.1:0
15.2:0
15.3:0
15.4:0
15.5:0
15.6:0
15.7:0
15.8:0
15.9:0
16.0:0
16.1:0
16.2:0
16.3:0
16.4:0
16.5:0
16.6:0
16.7:0
16.8:0
16.9:0
17.0:0
17.1:0
17.2:0
17.3:0
17.4:0
17.5:0
17.6:0
17.7:0
17.8:0
17.9:0
18.0:0
18.1:0
18.2:0
18.3:0
18.4:0
18.5:0
18.6:0
18.7:0
18.8:0
18.9:0
19.0:0
19.1:0
19.2:0
19.3:0
19.4:0
19.5:0
19.6:0
19.7:0
19.8:0
19.9:0
